Using pre-set license
Built from '2020.3/staging' branch; Version is '2020.3.29f1 (2ff179115da0) revision 3142009'; Using compiler version '192528614'; Build Type 'Release'
OS: 'Windows 11  (10.0.22621) 64bit Core' Language: 'ko' Physical Memory: 16060 MB
BatchMode: 1, IsHumanControllingUs: 0, StartBugReporterOnCrash: 0, Is64bit: 1, IsPro: 0

COMMAND LINE ARGUMENTS:
C:\Program Files\Unity 2020.3.29f1\Editor\Unity.exe
-adb2
-batchMode
-noUpm
-name
AssetImportWorker0
-projectPath
C:/Users/bdk06/Documents/GitHub/Yang/New Unity Project
-logFile
Logs/AssetImportWorker0.log
-srvPort
52841
Successfully changed project path to: C:/Users/bdk06/Documents/GitHub/Yang/New Unity Project
C:/Users/bdk06/Documents/GitHub/Yang/New Unity Project
Using Asset Import Pipeline V2.
Refreshing native plugins compatible for Editor in 97.77 ms, found 3 plugins.
Preloading 0 native plugins for Editor in 0.00 ms.
Initialize engine version: 2020.3.29f1 (2ff179115da0)
[Subsystems] Discovering subsystems at path C:/Program Files/Unity 2020.3.29f1/Editor/Data/Resources/UnitySubsystems
[Subsystems] Discovering subsystems at path C:/Users/bdk06/Documents/GitHub/Yang/New Unity Project/Assets
GfxDevice: creating device client; threaded=0
Direct3D:
    Version:  Direct3D 11.0 [level 11.1]
    Renderer: Intel(R) Iris(R) Xe Graphics (ID=0x9a49)
    Vendor:   
    VRAM:     8030 MB
    Driver:   30.0.101.2079
Initialize mono
Mono path[0] = 'C:/Program Files/Unity 2020.3.29f1/Editor/Data/Managed'
Mono path[1] = 'C:/Program Files/Unity 2020.3.29f1/Editor/Data/MonoBleedingEdge/lib/mono/unityjit'
Mono config path = 'C:/Program Files/Unity 2020.3.29f1/Editor/Data/MonoBleedingEdge/etc'
Using monoOptions --debugger-agent=transport=dt_socket,embedding=1,server=y,suspend=n,address=127.0.0.1:56676
Begin MonoManager ReloadAssembly
Registering precompiled unity dll's ...
Register platform support module: C:/Program Files/Unity 2020.3.29f1/Editor/Data/PlaybackEngines/WindowsStandaloneSupport/UnityEditor.WindowsStandalone.Extensions.dll
Registered in 0.013090 seconds.
Native extension for WindowsStandalone target not found
Refreshing native plugins compatible for Editor in 102.60 ms, found 3 plugins.
Preloading 0 native plugins for Editor in 0.00 ms.
Mono: successfully reloaded assembly
- Completed reload, in  1.344 seconds
Domain Reload Profiling:
	ReloadAssembly (1344ms)
		BeginReloadAssembly (258ms)
			ExecutionOrderSort (0ms)
			DisableScriptedObjects (0ms)
			BackupInstance (0ms)
			ReleaseScriptingObjects (0ms)
			CreateAndSetChildDomain (2ms)
		EndReloadAssembly (858ms)
			LoadAssemblies (245ms)
			RebuildTransferFunctionScriptingTraits (0ms)
			SetupTypeCache (156ms)
			ReleaseScriptCaches (0ms)
			RebuildScriptCaches (75ms)
			SetupLoadedEditorAssemblies (427ms)
				LogAssemblyErrors (0ms)
				InitializePlatformSupportModulesInManaged (10ms)
				SetLoadedEditorAssemblies (0ms)
				RefreshPlugins (103ms)
				BeforeProcessingInitializeOnLoad (41ms)
				ProcessInitializeOnLoadAttributes (206ms)
				ProcessInitializeOnLoadMethodAttributes (66ms)
				AfterProcessingInitializeOnLoad (0ms)
				EditorAssembliesLoaded (0ms)
			ExecutionOrderSort2 (0ms)
			AwakeInstancesAfterBackupRestoration (0ms)
Platform modules already initialized, skipping
Registering precompiled user dll's ...
Registered in 0.021265 seconds.
Begin MonoManager ReloadAssembly
Native extension for WindowsStandalone target not found
Refreshing native plugins compatible for Editor in 0.59 ms, found 3 plugins.
Preloading 0 native plugins for Editor in 0.00 ms.
Mono: successfully reloaded assembly
- Completed reload, in  1.441 seconds
Domain Reload Profiling:
	ReloadAssembly (1442ms)
		BeginReloadAssembly (270ms)
			ExecutionOrderSort (0ms)
			DisableScriptedObjects (9ms)
			BackupInstance (0ms)
			ReleaseScriptingObjects (0ms)
			CreateAndSetChildDomain (26ms)
		EndReloadAssembly (1034ms)
			LoadAssemblies (212ms)
			RebuildTransferFunctionScriptingTraits (0ms)
			SetupTypeCache (359ms)
			ReleaseScriptCaches (0ms)
			RebuildScriptCaches (42ms)
			SetupLoadedEditorAssemblies (254ms)
				LogAssemblyErrors (0ms)
				InitializePlatformSupportModulesInManaged (4ms)
				SetLoadedEditorAssemblies (1ms)
				RefreshPlugins (1ms)
				BeforeProcessingInitializeOnLoad (120ms)
				ProcessInitializeOnLoadAttributes (107ms)
				ProcessInitializeOnLoadMethodAttributes (8ms)
				AfterProcessingInitializeOnLoad (13ms)
				EditorAssembliesLoaded (0ms)
			ExecutionOrderSort2 (0ms)
			AwakeInstancesAfterBackupRestoration (5ms)
Platform modules already initialized, skipping
========================================================================
Worker process is ready to serve import requests
Launched and connected shader compiler UnityShaderCompiler.exe after 0.16 seconds
Refreshing native plugins compatible for Editor in 0.68 ms, found 3 plugins.
Preloading 0 native plugins for Editor in 0.00 ms.
Unloading 2210 Unused Serialized files (Serialized files now loaded: 0)
System memory in use before: 95.9 MB.
System memory in use after: 95.8 MB.

Unloading 29 unused Assets to reduce memory usage. Loaded Objects now: 2642.
Total: 5.546900 ms (FindLiveObjects: 0.313700 ms CreateObjectMapping: 0.165200 ms MarkObjects: 4.768200 ms  DeleteObjects: 0.296900 ms)

AssetImportParameters requested are different than current active one (requested -> active):
  custom:framework-win-MediaFoundation: 216162199b28c13a410421893ffa2e32 -> 
  custom:video-decoder-ogg-theora: a1e56fd34408186e4bbccfd4996cb3dc -> 
  custom:container-muxer-webm: aa71ff27fc2769a1b78a27578f13a17b -> 
  custom:container-demuxer-webm: 4f35f7cbe854078d1ac9338744f61a02 -> 
  custom:container-demuxer-ogg: 62fdf1f143b41e24485cea50d1cbac27 -> 
  custom:video-encoder-webm-vp8: eb34c28f22e8b96e1ab97ce403110664 -> 
  custom:video-codec-MediaFoundation-h265: 746d11721c4dcdbdad8f713fa42b33f4 -> 
  custom:video-decoder-webm-vp8: 9c59270c3fd7afecdb556c50c9e8de78 -> 
  custom:audio-decoder-ogg-vorbis: bf7c407c2cedff20999df2af8eb42d56 -> 
  custom:audio-encoder-webm-vorbis: bf7c407c2cedff20999df2af8eb42d56 -> 
========================================================================
Received Import Request.
  path: Assets/Scenes/MiniGame2.unity
  artifactKey: Guid(5edf3f50cf2a84443bc4249bf87e7c11) Importer(815301076,1909f56bfc062723c751e8b465ee728b)
Start importing Assets/Scenes/MiniGame2.unity using Guid(5edf3f50cf2a84443bc4249bf87e7c11) Importer(815301076,1909f56bfc062723c751e8b465ee728b)  -> (artifact id: 'ca06361f71350c2157ee58133bffc314') in 0.036793 seconds 
  Import took 0.045883 seconds .

========================================================================
Received Import Request.
  Time since last request: 0.000936 seconds.
  path: Assets/Scenes
  artifactKey: Guid(131a6b21c8605f84396be9f6751fb6e3) Importer(815301076,1909f56bfc062723c751e8b465ee728b)
Start importing Assets/Scenes using Guid(131a6b21c8605f84396be9f6751fb6e3) Importer(815301076,1909f56bfc062723c751e8b465ee728b)  -> (artifact id: 'df75b7d1a31c5b4f73fd45661b403b04') in 0.021037 seconds 
  Import took 0.030283 seconds .

========================================================================
Received Import Request.
  Time since last request: 0.000742 seconds.
  path: Assets/Scenes/StartScene.unity
  artifactKey: Guid(2cda990e2423bbf4892e6590ba056729) Importer(815301076,1909f56bfc062723c751e8b465ee728b)
Start importing Assets/Scenes/StartScene.unity using Guid(2cda990e2423bbf4892e6590ba056729) Importer(815301076,1909f56bfc062723c751e8b465ee728b)  -> (artifact id: '19d2888d8ccf1f47e117f5ff362dea7f') in 0.014824 seconds 
  Import took 0.023475 seconds .

========================================================================
Received Import Request.
  Time since last request: 0.000608 seconds.
  path: Assets/Scenes/MiniGame1.unity
  artifactKey: Guid(b0fe07955435ca2469d3d9c747de998d) Importer(815301076,1909f56bfc062723c751e8b465ee728b)
Start importing Assets/Scenes/MiniGame1.unity using Guid(b0fe07955435ca2469d3d9c747de998d) Importer(815301076,1909f56bfc062723c751e8b465ee728b)  -> (artifact id: '98dfb5eb4b4f97963831fe9bdf3a1f4b') in 0.011414 seconds 
  Import took 0.021447 seconds .

========================================================================
Received Import Request.
  Time since last request: 0.000548 seconds.
  path: Assets/Scenes/HomeScene.unity
  artifactKey: Guid(9d3618e35b552024798b2fe07c84329d) Importer(815301076,1909f56bfc062723c751e8b465ee728b)
Start importing Assets/Scenes/HomeScene.unity using Guid(9d3618e35b552024798b2fe07c84329d) Importer(815301076,1909f56bfc062723c751e8b465ee728b)  -> (artifact id: '567656cd9705cd32c61721449205bf22') in 0.012117 seconds 
  Import took 0.019275 seconds .

========================================================================
Received Import Request.
  Time since last request: 236.245734 seconds.
  path: Assets/MiniGame1/A.png
  artifactKey: Guid(d5ec721bea5802747ad22d4fe480ba2c) Importer(815301076,1909f56bfc062723c751e8b465ee728b)
Start importing Assets/MiniGame1/A.png using Guid(d5ec721bea5802747ad22d4fe480ba2c) Importer(815301076,1909f56bfc062723c751e8b465ee728b)  -> (artifact id: '3badd549e60dd2003d537bf3dee29347') in 0.222068 seconds 
  Import took 0.227223 seconds .

========================================================================
Received Import Request.
  Time since last request: 0.000280 seconds.
  path: Assets/MiniGame1/B.png
  artifactKey: Guid(1bbbfc18e6f78ce41ade69e793a8c6d3) Importer(815301076,1909f56bfc062723c751e8b465ee728b)
Start importing Assets/MiniGame1/B.png using Guid(1bbbfc18e6f78ce41ade69e793a8c6d3) Importer(815301076,1909f56bfc062723c751e8b465ee728b)  -> (artifact id: '8fa637b7cfaae4c9ba92ba6652524d63') in 0.019609 seconds 
  Import took 0.023192 seconds .

========================================================================
Received Import Request.
  Time since last request: 0.000320 seconds.
  path: Assets/MiniGame1/C.png
  artifactKey: Guid(463f6821bc661064bb3716074e3ec3e5) Importer(815301076,1909f56bfc062723c751e8b465ee728b)
Start importing Assets/MiniGame1/C.png using Guid(463f6821bc661064bb3716074e3ec3e5) Importer(815301076,1909f56bfc062723c751e8b465ee728b)  -> (artifact id: 'c686559df3f2b85f27441ed8eb4b7091') in 0.016918 seconds 
  Import took 0.020496 seconds .

========================================================================
Received Import Request.
  Time since last request: 0.000370 seconds.
  path: Assets/MiniGame1/E.png
  artifactKey: Guid(97f19c782bcbaae4c89e32696f95171c) Importer(815301076,1909f56bfc062723c751e8b465ee728b)
Start importing Assets/MiniGame1/E.png using Guid(97f19c782bcbaae4c89e32696f95171c) Importer(815301076,1909f56bfc062723c751e8b465ee728b)  -> (artifact id: 'ff5ddf79551790ce7ddcc649c1f7a082') in 0.017499 seconds 
  Import took 0.021420 seconds .

========================================================================
Received Import Request.
  Time since last request: 0.000303 seconds.
  path: Assets/MiniGame1/D.png
  artifactKey: Guid(85794f0e171bc3149871d5007fca5059) Importer(815301076,1909f56bfc062723c751e8b465ee728b)
Start importing Assets/MiniGame1/D.png using Guid(85794f0e171bc3149871d5007fca5059) Importer(815301076,1909f56bfc062723c751e8b465ee728b)  -> (artifact id: '2aa9333129dc4b88eab005700995b735') in 0.018052 seconds 
  Import took 0.022206 seconds .

========================================================================
Received Import Request.
  Time since last request: 0.000320 seconds.
  path: Assets/MiniGame1/KakaoTalk_20220213_000748577.jpg
  artifactKey: Guid(dfa558837f5e5004fb577ddadb3b60b1) Importer(815301076,1909f56bfc062723c751e8b465ee728b)
Start importing Assets/MiniGame1/KakaoTalk_20220213_000748577.jpg using Guid(dfa558837f5e5004fb577ddadb3b60b1) Importer(815301076,1909f56bfc062723c751e8b465ee728b)  -> (artifact id: 'c842e239430ad59810714e7f5ec8ec9b') in 0.024567 seconds 
  Import took 0.028432 seconds .

========================================================================
Received Import Request.
  Time since last request: 0.000273 seconds.
  path: Assets/MiniGame1/F.png
  artifactKey: Guid(d6026891ea221e54baf5234d68db4462) Importer(815301076,1909f56bfc062723c751e8b465ee728b)
Start importing Assets/MiniGame1/F.png using Guid(d6026891ea221e54baf5234d68db4462) Importer(815301076,1909f56bfc062723c751e8b465ee728b)  -> (artifact id: 'b9232251ea4c7676ba3e5c6283ed4f2c') in 0.016048 seconds 
  Import took 0.019622 seconds .

========================================================================
Received Import Request.
  Time since last request: 11.017176 seconds.
  path: Assets/MiniGame1/JudgeCommand.cs
  artifactKey: Guid(7416ef4ebc5d97341b6fa5d2a563c14e) Importer(815301076,1909f56bfc062723c751e8b465ee728b)
Start importing Assets/MiniGame1/JudgeCommand.cs using Guid(7416ef4ebc5d97341b6fa5d2a563c14e) Importer(815301076,1909f56bfc062723c751e8b465ee728b)  -> (artifact id: '4f25609f31d94135a33128fb4e1f3b9f') in 0.019544 seconds 
  Import took 0.023459 seconds .

========================================================================
Received Import Request.
  Time since last request: 2.379646 seconds.
  path: Assets/MiniGame1/RandomSpawn.cs
  artifactKey: Guid(ef2c83c1d91298447b41e13a5e956c94) Importer(815301076,1909f56bfc062723c751e8b465ee728b)
Start importing Assets/MiniGame1/RandomSpawn.cs using Guid(ef2c83c1d91298447b41e13a5e956c94) Importer(815301076,1909f56bfc062723c751e8b465ee728b)  -> (artifact id: '2545e2697886fe6a3f575e798ab938fa') in 0.004356 seconds 
  Import took 0.007984 seconds .

========================================================================
Received Import Request.
  Time since last request: 5.493248 seconds.
  path: Assets/MiniGame1/Prefab
  artifactKey: Guid(a3cbdc634b487f64bb1b604495290956) Importer(815301076,1909f56bfc062723c751e8b465ee728b)
Start importing Assets/MiniGame1/Prefab using Guid(a3cbdc634b487f64bb1b604495290956) Importer(815301076,1909f56bfc062723c751e8b465ee728b)  -> (artifact id: '914fe993817952749a2f5b76baa4b7b1') in 0.004911 seconds 
  Import took 0.008659 seconds .

========================================================================
Received Import Request.
  Time since last request: 1.147406 seconds.
  path: Assets/MiniGame1/Prefab/A.prefab
  artifactKey: Guid(ddced4c8db4b521459f0848dfa0443b5) Importer(815301076,1909f56bfc062723c751e8b465ee728b)
Start importing Assets/MiniGame1/Prefab/A.prefab using Guid(ddced4c8db4b521459f0848dfa0443b5) Importer(815301076,1909f56bfc062723c751e8b465ee728b)  -> (artifact id: '1193f7df80ee12cc0dea760d9954c1f0') in 0.071911 seconds 
  Import took 0.081176 seconds .

========================================================================
Received Import Request.
  Time since last request: 0.000378 seconds.
  path: Assets/MiniGame1/Prefab/C.prefab
  artifactKey: Guid(7ac48e5cfdb13174ba91a39be36cfb29) Importer(815301076,1909f56bfc062723c751e8b465ee728b)
Start importing Assets/MiniGame1/Prefab/C.prefab using Guid(7ac48e5cfdb13174ba91a39be36cfb29) Importer(815301076,1909f56bfc062723c751e8b465ee728b)  -> (artifact id: 'a8215842bc46e1c2abb2add83fdd82a1') in 0.011147 seconds 
  Import took 0.014926 seconds .

========================================================================
Received Import Request.
  Time since last request: 0.000309 seconds.
  path: Assets/MiniGame1/Prefab/F.prefab
  artifactKey: Guid(04eeaeb5e273960449f3755a701c2fe3) Importer(815301076,1909f56bfc062723c751e8b465ee728b)
Start importing Assets/MiniGame1/Prefab/F.prefab using Guid(04eeaeb5e273960449f3755a701c2fe3) Importer(815301076,1909f56bfc062723c751e8b465ee728b)  -> (artifact id: '871bef2adacc00e562e5784d151282f5') in 0.011605 seconds 
  Import took 0.016784 seconds .

========================================================================
Received Import Request.
  Time since last request: 0.000344 seconds.
  path: Assets/MiniGame1/Prefab/B.prefab
  artifactKey: Guid(f3bbc25dec5ed4347923bcda815da83a) Importer(815301076,1909f56bfc062723c751e8b465ee728b)
Start importing Assets/MiniGame1/Prefab/B.prefab using Guid(f3bbc25dec5ed4347923bcda815da83a) Importer(815301076,1909f56bfc062723c751e8b465ee728b)  -> (artifact id: 'b937b37a6dfabcf28a0851a0f6aeab3f') in 0.012556 seconds 
  Import took 0.018372 seconds .

========================================================================
Received Import Request.
  Time since last request: 0.000277 seconds.
  path: Assets/MiniGame1/Prefab/D.prefab
  artifactKey: Guid(53e16cef119a7aa41b88736acb27f732) Importer(815301076,1909f56bfc062723c751e8b465ee728b)
Start importing Assets/MiniGame1/Prefab/D.prefab using Guid(53e16cef119a7aa41b88736acb27f732) Importer(815301076,1909f56bfc062723c751e8b465ee728b)  -> (artifact id: '90d903e4d5afa3ccc2b26d0b33e15d43') in 0.010954 seconds 
  Import took 0.015638 seconds .

========================================================================
Received Import Request.
  Time since last request: 0.000350 seconds.
  path: Assets/MiniGame1/Prefab/E.prefab
  artifactKey: Guid(4fd63e8b31e630841901825fd4a31806) Importer(815301076,1909f56bfc062723c751e8b465ee728b)
Start importing Assets/MiniGame1/Prefab/E.prefab using Guid(4fd63e8b31e630841901825fd4a31806) Importer(815301076,1909f56bfc062723c751e8b465ee728b)  -> (artifact id: '5d5803ebb37e2638fa5a0dd1b3118c3b') in 0.012855 seconds 
  Import took 0.017699 seconds .

AssetImportWorkerClient::OnTransportError - code=2 error=End of file
